Using pre-set license
Built from '2021.3/staging' branch; Version is '2021.3.8f1 (b30333d56e81) revision 11731763'; Using compiler version '192829333'; Build Type 'Release'
OS: 'Windows 10  (10.0.19044) 64bit Core' Language: 'es' Physical Memory: 16232 MB
BatchMode: 1, IsHumanControllingUs: 0, StartBugReporterOnCrash: 0, Is64bit: 1, IsPro: 1

COMMAND LINE ARGUMENTS:
D:\UnityEditors\2021.3.8f1\Editor\Unity.exe
-adb2
-batchMode
-noUpm
-name
AssetImportWorker6
-projectPath
D:/GitHub Repositories/Hanakiri/proyecto unity/Hanakiri
-logFile
Logs/AssetImportWorker6.log
-srvPort
57650
Successfully changed project path to: D:/GitHub Repositories/Hanakiri/proyecto unity/Hanakiri
D:/GitHub Repositories/Hanakiri/proyecto unity/Hanakiri
[UnityMemory] Configuration Parameters - Can be set up in boot.config
    "memorysetup-bucket-allocator-granularity=16"
    "memorysetup-bucket-allocator-bucket-count=8"
    "memorysetup-bucket-allocator-block-size=33554432"
    "memorysetup-bucket-allocator-block-count=8"
    "memorysetup-main-allocator-block-size=16777216"
    "memorysetup-thread-allocator-block-size=16777216"
    "memorysetup-gfx-main-allocator-block-size=16777216"
    "memorysetup-gfx-thread-allocator-block-size=16777216"
    "memorysetup-cache-allocator-block-size=4194304"
    "memorysetup-typetree-allocator-block-size=2097152"
    "memorysetup-profiler-bucket-allocator-granularity=16"
    "memorysetup-profiler-bucket-allocator-bucket-count=8"
    "memorysetup-profiler-bucket-allocator-block-size=33554432"
    "memorysetup-profiler-bucket-allocator-block-count=8"
    "memorysetup-profiler-allocator-block-size=16777216"
    "memorysetup-profiler-editor-allocator-block-size=1048576"
    "memorysetup-temp-allocator-size-main=16777216"
    "memorysetup-job-temp-allocator-block-size=2097152"
    "memorysetup-job-temp-allocator-block-size-background=1048576"
    "memorysetup-job-temp-allocator-reduction-small-platforms=262144"
    "memorysetup-temp-allocator-size-background-worker=32768"
    "memorysetup-temp-allocator-size-job-worker=262144"
    "memorysetup-temp-allocator-size-preload-manager=33554432"
    "memorysetup-temp-allocator-size-nav-mesh-worker=65536"
    "memorysetup-temp-allocator-size-audio-worker=65536"
    "memorysetup-temp-allocator-size-cloud-worker=32768"
    "memorysetup-temp-allocator-size-gi-baking-worker=262144"
    "memorysetup-temp-allocator-size-gfx=262144"
Refreshing native plugins compatible for Editor in 506.87 ms, found 4 plugins.
Preloading 0 native plugins for Editor in 0.00 ms.
Initialize engine version: 2021.3.8f1 (b30333d56e81)
[Subsystems] Discovering subsystems at path D:/UnityEditors/2021.3.8f1/Editor/Data/Resources/UnitySubsystems
[Subsystems] Discovering subsystems at path D:/GitHub Repositories/Hanakiri/proyecto unity/Hanakiri/Assets
GfxDevice: creating device client; threaded=0; jobified=0
Direct3D:
    Version:  Direct3D 11.0 [level 11.1]
    Renderer: NVIDIA GeForce GTX 1050 Ti (ID=0x1c8c)
    Vendor:   NVIDIA
    VRAM:     4017 MB
    Driver:   31.0.15.2824
Initialize mono
Mono path[0] = 'D:/UnityEditors/2021.3.8f1/Editor/Data/Managed'
Mono path[1] = 'D:/UnityEditors/2021.3.8f1/Editor/Data/MonoBleedingEdge/lib/mono/unityjit-win32'
Mono config path = 'D:/UnityEditors/2021.3.8f1/Editor/Data/MonoBleedingEdge/etc'
Using monoOptions --debugger-agent=transport=dt_socket,embedding=1,server=y,suspend=n,address=127.0.0.1:56544
Begin MonoManager ReloadAssembly
Registering precompiled unity dll's ...
Register platform support module: D:/UnityEditors/2021.3.8f1/Editor/Data/PlaybackEngines/WindowsStandaloneSupport/UnityEditor.WindowsStandalone.Extensions.dll
Registered in 0.010595 seconds.
Native extension for WindowsStandalone target not found
Refreshing native plugins compatible for Editor in 381.25 ms, found 4 plugins.
Preloading 0 native plugins for Editor in 0.00 ms.
Mono: successfully reloaded assembly
- Completed reload, in  2.599 seconds
Domain Reload Profiling:
	ReloadAssembly (2601ms)
		BeginReloadAssembly (361ms)
			ExecutionOrderSort (0ms)
			DisableScriptedObjects (0ms)
			BackupInstance (0ms)
			ReleaseScriptingObjects (0ms)
			CreateAndSetChildDomain (6ms)
		EndReloadAssembly (1843ms)
			LoadAssemblies (357ms)
			RebuildTransferFunctionScriptingTraits (0ms)
			SetupTypeCache (587ms)
			ReleaseScriptCaches (0ms)
			RebuildScriptCaches (84ms)
			SetupLoadedEditorAssemblies (1036ms)
				LogAssemblyErrors (0ms)
				InitializePlatformSupportModulesInManaged (16ms)
				SetLoadedEditorAssemblies (0ms)
				RefreshPlugins (381ms)
				BeforeProcessingInitializeOnLoad (6ms)
				ProcessInitializeOnLoadAttributes (468ms)
				ProcessInitializeOnLoadMethodAttributes (163ms)
				AfterProcessingInitializeOnLoad (0ms)
				EditorAssembliesLoaded (1ms)
			ExecutionOrderSort2 (0ms)
			AwakeInstancesAfterBackupRestoration (0ms)
Platform modules already initialized, skipping
Registering precompiled user dll's ...
Registered in 0.017976 seconds.
Begin MonoManager ReloadAssembly
Symbol file LoadedFromMemory doesn't match image D:\GitHub Repositories\Hanakiri\proyecto unity\Hanakiri\Library\PackageCache\com.unity.visualscripting@1.7.8\Editor\VisualScripting.Core\Dependencies\DotNetZip\Unity.VisualScripting.IonicZip.dll
Symbol file LoadedFromMemory doesn't match image D:\GitHub Repositories\Hanakiri\proyecto unity\Hanakiri\Library\PackageCache\com.unity.visualscripting@1.7.8\Editor\VisualScripting.Core\Dependencies\YamlDotNet\Unity.VisualScripting.YamlDotNet.dll
Native extension for WindowsStandalone target not found
Refreshing native plugins compatible for Editor in 249.14 ms, found 4 plugins.
Preloading 0 native plugins for Editor in 0.00 ms.
Package Manager log level set to [2]
Mono: successfully reloaded assembly
- Completed reload, in 14.635 seconds
Domain Reload Profiling:
	ReloadAssembly (14636ms)
		BeginReloadAssembly (207ms)
			ExecutionOrderSort (0ms)
			DisableScriptedObjects (7ms)
			BackupInstance (0ms)
			ReleaseScriptingObjects (0ms)
			CreateAndSetChildDomain (29ms)
		EndReloadAssembly (14153ms)
			LoadAssemblies (7100ms)
			RebuildTransferFunctionScriptingTraits (0ms)
			SetupTypeCache (1932ms)
			ReleaseScriptCaches (1ms)
			RebuildScriptCaches (178ms)
			SetupLoadedEditorAssemblies (4839ms)
				LogAssemblyErrors (0ms)
				InitializePlatformSupportModulesInManaged (8ms)
				SetLoadedEditorAssemblies (1ms)
				RefreshPlugins (249ms)
				BeforeProcessingInitializeOnLoad (225ms)
				ProcessInitializeOnLoadAttributes (1091ms)
				ProcessInitializeOnLoadMethodAttributes (3260ms)
				AfterProcessingInitializeOnLoad (5ms)
				EditorAssembliesLoaded (0ms)
			ExecutionOrderSort2 (0ms)
			AwakeInstancesAfterBackupRestoration (13ms)
Platform modules already initialized, skipping
========================================================================
Worker process is ready to serve import requests
Launched and connected shader compiler UnityShaderCompiler.exe after 0.20 seconds
Refreshing native plugins compatible for Editor in 1.22 ms, found 4 plugins.
Preloading 0 native plugins for Editor in 0.00 ms.
Unloading 4918 Unused Serialized files (Serialized files now loaded: 0)
Unloading 93 unused Assets / (252.8 KB). Loaded Objects now: 5337.
Memory consumption went from 177.4 MB to 177.1 MB.
Total: 10.313600 ms (FindLiveObjects: 0.481600 ms CreateObjectMapping: 0.447500 ms MarkObjects: 8.943100 ms  DeleteObjects: 0.439900 ms)

AssetImportParameters requested are different than current active one (requested -> active):
  custom:video-decoder-ogg-theora: a1e56fd34408186e4bbccfd4996cb3dc -> 
  custom:container-muxer-webm: aa71ff27fc2769a1b78a27578f13a17b -> 
  custom:container-demuxer-webm: 4f35f7cbe854078d1ac9338744f61a02 -> 
  custom:video-encoder-webm-vp8: eb34c28f22e8b96e1ab97ce403110664 -> 
  custom:audio-encoder-webm-vorbis: bf7c407c2cedff20999df2af8eb42d56 -> 
  custom:framework-win-MediaFoundation: 216162199b28c13a410421893ffa2e32 -> 
  custom:container-demuxer-ogg: 62fdf1f143b41e24485cea50d1cbac27 -> 
  custom:video-decoder-webm-vp8: 9c59270c3fd7afecdb556c50c9e8de78 -> 
  custom:audio-decoder-ogg-vorbis: bf7c407c2cedff20999df2af8eb42d56 -> 
========================================================================
Received Import Request.
  Time since last request: 182181.615609 seconds.
  path: Assets/Sprites/escenarios/suelos/escenarios_2.asset
  artifactKey: Guid(7c19c51d19566a34ba574d6d585511f3) Importer(815301076,1909f56bfc062723c751e8b465ee728b)
Start importing Assets/Sprites/escenarios/suelos/escenarios_2.asset using Guid(7c19c51d19566a34ba574d6d585511f3) Importer(815301076,1909f56bfc062723c751e8b465ee728b)  -> (artifact id: '8e8419651ebccea7ea343af64d24f927') in 0.185676 seconds 
========================================================================
Received Import Request.
  Time since last request: 0.000035 seconds.
  path: Assets/Sprites/escenarios/nivel1/capitulo 1_27.asset
  artifactKey: Guid(42bd48d0808a7214a8512438eda50417) Importer(815301076,1909f56bfc062723c751e8b465ee728b)
Start importing Assets/Sprites/escenarios/nivel1/capitulo 1_27.asset using Guid(42bd48d0808a7214a8512438eda50417) Importer(815301076,1909f56bfc062723c751e8b465ee728b)  -> (artifact id: '4838464dc6cbed2a78ad33b6caa87f64') in 0.029726 seconds 
========================================================================
Received Import Request.
  Time since last request: 0.000034 seconds.
  path: Assets/Sprites/escenarios/nivel1/capitulo 1_22.asset
  artifactKey: Guid(38636953b941127458c7a515556b57c9) Importer(815301076,1909f56bfc062723c751e8b465ee728b)
Start importing Assets/Sprites/escenarios/nivel1/capitulo 1_22.asset using Guid(38636953b941127458c7a515556b57c9) Importer(815301076,1909f56bfc062723c751e8b465ee728b)  -> (artifact id: 'e15398b63eb702de92bc39ef9268880a') in 0.048710 seconds 
========================================================================
Received Import Request.
  Time since last request: 0.000026 seconds.
  path: Assets/Sprites/escenarios/nivel1/capitulo 1_4.asset
  artifactKey: Guid(384101e9849da3a4ca982b4dd8d0b534) Importer(815301076,1909f56bfc062723c751e8b465ee728b)
Start importing Assets/Sprites/escenarios/nivel1/capitulo 1_4.asset using Guid(384101e9849da3a4ca982b4dd8d0b534) Importer(815301076,1909f56bfc062723c751e8b465ee728b)  -> (artifact id: 'f8dca7605e80a39068883649dd46cae7') in 0.036761 seconds 
========================================================================
Received Import Request.
  Time since last request: 0.000032 seconds.
  path: Assets/Sprites/escenarios/nivel1/capitulo 1_11.asset
  artifactKey: Guid(1f8c1a413bf05a14b916c05a31dca69b) Importer(815301076,1909f56bfc062723c751e8b465ee728b)
Start importing Assets/Sprites/escenarios/nivel1/capitulo 1_11.asset using Guid(1f8c1a413bf05a14b916c05a31dca69b) Importer(815301076,1909f56bfc062723c751e8b465ee728b)  -> (artifact id: '7322d8d984aad2946966df1dc9197567') in 0.044022 seconds 
========================================================================
Received Import Request.
  Time since last request: 0.000046 seconds.
  path: Assets/Sprites/escenarios/nivel1/capitulo 1_26.asset
  artifactKey: Guid(a2aaa0758f8994a438fc46f05971d6d9) Importer(815301076,1909f56bfc062723c751e8b465ee728b)
Start importing Assets/Sprites/escenarios/nivel1/capitulo 1_26.asset using Guid(a2aaa0758f8994a438fc46f05971d6d9) Importer(815301076,1909f56bfc062723c751e8b465ee728b)  -> (artifact id: 'fdcf542fef50dcc8207d4f46062e9057') in 0.059938 seconds 
========================================================================
Received Import Request.
  Time since last request: 0.000056 seconds.
  path: Assets/Sprites/escenarios/suelos/escenarios_8.asset
  artifactKey: Guid(88029c26f966882419a054ca4621977f) Importer(815301076,1909f56bfc062723c751e8b465ee728b)
Start importing Assets/Sprites/escenarios/suelos/escenarios_8.asset using Guid(88029c26f966882419a054ca4621977f) Importer(815301076,1909f56bfc062723c751e8b465ee728b)  -> (artifact id: '06f9bc0d4872fe7cebde6ab07a0b828d') in 0.076816 seconds 
========================================================================
Received Import Request.
  Time since last request: 0.000042 seconds.
  path: Assets/Sprites/escenarios/nivel1/capitulo 1_14.asset
  artifactKey: Guid(8a98be5e6bd43b241ab1641aef31ae6c) Importer(815301076,1909f56bfc062723c751e8b465ee728b)
Start importing Assets/Sprites/escenarios/nivel1/capitulo 1_14.asset using Guid(8a98be5e6bd43b241ab1641aef31ae6c) Importer(815301076,1909f56bfc062723c751e8b465ee728b)  -> (artifact id: '34bffcd37369f9370d4d117d95d37917') in 0.037541 seconds 
========================================================================
Received Import Request.
  Time since last request: 0.000040 seconds.
  path: Assets/Sprites/escenarios/nivel1/capitulo 1_21.asset
  artifactKey: Guid(d8660928c98d5534283b0f6dbcef56b8) Importer(815301076,1909f56bfc062723c751e8b465ee728b)
Start importing Assets/Sprites/escenarios/nivel1/capitulo 1_21.asset using Guid(d8660928c98d5534283b0f6dbcef56b8) Importer(815301076,1909f56bfc062723c751e8b465ee728b)  -> (artifact id: '369204d3ee0ecf8ece8d8e0a8b18fec9') in 0.038510 seconds 
========================================================================
Received Import Request.
  Time since last request: 0.000027 seconds.
  path: Assets/Sprites/escenarios/nivel1/capitulo 1_1.asset
  artifactKey: Guid(5e4c8a2abee9696419323bf1f48238f7) Importer(815301076,1909f56bfc062723c751e8b465ee728b)
Start importing Assets/Sprites/escenarios/nivel1/capitulo 1_1.asset using Guid(5e4c8a2abee9696419323bf1f48238f7) Importer(815301076,1909f56bfc062723c751e8b465ee728b)  -> (artifact id: 'e15147a5bf753f70ce3f7cf2f73ee018') in 0.061285 seconds 
========================================================================
Received Import Request.
  Time since last request: 0.000051 seconds.
  path: Assets/Sprites/escenarios/nivel1/capitulo 1_25.asset
  artifactKey: Guid(297f7bde6005317439810c2d746596be) Importer(815301076,1909f56bfc062723c751e8b465ee728b)
Start importing Assets/Sprites/escenarios/nivel1/capitulo 1_25.asset using Guid(297f7bde6005317439810c2d746596be) Importer(815301076,1909f56bfc062723c751e8b465ee728b)  -> (artifact id: '335f9fa753ef7f1393261f8e8bb7d186') in 0.052586 seconds 
========================================================================
Received Import Request.
  Time since last request: 0.000052 seconds.
  path: Assets/Sprites/escenarios/suelos/escenarios_1.asset
  artifactKey: Guid(f3ebc74b231d89e488668509a37d74d9) Importer(815301076,1909f56bfc062723c751e8b465ee728b)
Start importing Assets/Sprites/escenarios/suelos/escenarios_1.asset using Guid(f3ebc74b231d89e488668509a37d74d9) Importer(815301076,1909f56bfc062723c751e8b465ee728b)  -> (artifact id: 'e4cca305284150b8b2d9465a6f3d8140') in 0.041160 seconds 
========================================================================
Received Import Request.
  Time since last request: 0.000058 seconds.
  path: Assets/Sprites/escenarios/suelos/escenarios_0.asset
  artifactKey: Guid(8ae81e50c1da0bc43926f67d267fecbe) Importer(815301076,1909f56bfc062723c751e8b465ee728b)
Start importing Assets/Sprites/escenarios/suelos/escenarios_0.asset using Guid(8ae81e50c1da0bc43926f67d267fecbe) Importer(815301076,1909f56bfc062723c751e8b465ee728b)  -> (artifact id: 'abc0ccc4f6be5c901f7319f98d2fac9f') in 0.038182 seconds 
========================================================================
Received Import Request.
  Time since last request: 0.000035 seconds.
  path: Assets/Sprites/escenarios/suelos/escenarios_11.asset
  artifactKey: Guid(b4adc5d3257a6ea4bb97e1633ed1c07d) Importer(815301076,1909f56bfc062723c751e8b465ee728b)
Start importing Assets/Sprites/escenarios/suelos/escenarios_11.asset using Guid(b4adc5d3257a6ea4bb97e1633ed1c07d) Importer(815301076,1909f56bfc062723c751e8b465ee728b)  -> (artifact id: 'b60471988e6e9e57e5cd8a085781082c') in 0.033855 seconds 
========================================================================
Received Import Request.
  Time since last request: 0.000031 seconds.
  path: Assets/Sprites/escenarios/nivel1/capitulo 1_5.asset
  artifactKey: Guid(4ddb332323cd1b34da59da396a2c05f1) Importer(815301076,1909f56bfc062723c751e8b465ee728b)
Start importing Assets/Sprites/escenarios/nivel1/capitulo 1_5.asset using Guid(4ddb332323cd1b34da59da396a2c05f1) Importer(815301076,1909f56bfc062723c751e8b465ee728b)  -> (artifact id: 'fdbb6c8991746dd05e3b3210175b6703') in 0.046583 seconds 
========================================================================
Received Import Request.
  Time since last request: 0.000094 seconds.
  path: Assets/Sprites/escenarios/nivel1/capitulo 1_19.asset
  artifactKey: Guid(eebe2c2a9ef256844b08634f0117d71d) Importer(815301076,1909f56bfc062723c751e8b465ee728b)
Start importing Assets/Sprites/escenarios/nivel1/capitulo 1_19.asset using Guid(eebe2c2a9ef256844b08634f0117d71d) Importer(815301076,1909f56bfc062723c751e8b465ee728b)  -> (artifact id: 'f0b1926e6201b7fafd47399a839d511f') in 0.043544 seconds 
========================================================================
Received Import Request.
  Time since last request: 0.000033 seconds.
  path: Assets/Sprites/escenarios/nivel1/capitulo 1_10.asset
  artifactKey: Guid(da3f9c983eb8a304faf3efbf5a5fe051) Importer(815301076,1909f56bfc062723c751e8b465ee728b)
Start importing Assets/Sprites/escenarios/nivel1/capitulo 1_10.asset using Guid(da3f9c983eb8a304faf3efbf5a5fe051) Importer(815301076,1909f56bfc062723c751e8b465ee728b)  -> (artifact id: '7d73c3dc32c11871d7e10d8652ff8391') in 0.051600 seconds 
========================================================================
Received Import Request.
  Time since last request: 0.000072 seconds.
  path: Assets/Sprites/escenarios/nivel1/capitulo 1_16.asset
  artifactKey: Guid(4133634a75e61794bbdc31e7298dfe83) Importer(815301076,1909f56bfc062723c751e8b465ee728b)
Start importing Assets/Sprites/escenarios/nivel1/capitulo 1_16.asset using Guid(4133634a75e61794bbdc31e7298dfe83) Importer(815301076,1909f56bfc062723c751e8b465ee728b)  -> (artifact id: '9a28802a03eff99e5443712e7b87d501') in 0.043793 seconds 
========================================================================
Received Import Request.
  Time since last request: 0.000038 seconds.
  path: Assets/Sprites/escenarios/nivel1/capitulo 1_18.asset
  artifactKey: Guid(32baf93faad47474abc2d8244604cc41) Importer(815301076,1909f56bfc062723c751e8b465ee728b)
Start importing Assets/Sprites/escenarios/nivel1/capitulo 1_18.asset using Guid(32baf93faad47474abc2d8244604cc41) Importer(815301076,1909f56bfc062723c751e8b465ee728b)  -> (artifact id: '4b14524b8e0886d3c1a645de5058590c') in 0.046530 seconds 
========================================================================
Received Import Request.
  Time since last request: 0.000046 seconds.
  path: Assets/Sprites/menu inicial/iconoopciones.png
  artifactKey: Guid(c8c2691b38548ec4492b438c803b8d67) Importer(815301076,1909f56bfc062723c751e8b465ee728b)
Start importing Assets/Sprites/menu inicial/iconoopciones.png using Guid(c8c2691b38548ec4492b438c803b8d67) Importer(815301076,1909f56bfc062723c751e8b465ee728b)  -> (artifact id: 'ffe73bec34268634e55fc963debad4ab') in 0.642242 seconds 
========================================================================
Received Import Request.
  Time since last request: 0.000044 seconds.
  path: Assets/Sprites/escenarios/nivel1/capitulo 1_6.asset
  artifactKey: Guid(9019ed412f6b0a442bf093e518c5be3a) Importer(815301076,1909f56bfc062723c751e8b465ee728b)
Start importing Assets/Sprites/escenarios/nivel1/capitulo 1_6.asset using Guid(9019ed412f6b0a442bf093e518c5be3a) Importer(815301076,1909f56bfc062723c751e8b465ee728b)  -> (artifact id: '505a8c45f6e7c0ad2a7687c55ecdcd70') in 0.033146 seconds 
========================================================================
Received Import Request.
  Time since last request: 0.000139 seconds.
  path: Assets/Sprites/menu inicial/titulo.png
  artifactKey: Guid(62ed3e0232e344747bab76ee206266ee) Importer(815301076,1909f56bfc062723c751e8b465ee728b)
Start importing Assets/Sprites/menu inicial/titulo.png using Guid(62ed3e0232e344747bab76ee206266ee) Importer(815301076,1909f56bfc062723c751e8b465ee728b)  -> (artifact id: '448b78393966149f2a6d8f8b33e0a388') in 0.416800 seconds 
========================================================================
Received Import Request.
  Time since last request: 0.000069 seconds.
  path: Assets/Sprites/escenarios/nivel1/capitulo 1_13.asset
  artifactKey: Guid(3497882b6d6a47f45bebd830917f70cd) Importer(815301076,1909f56bfc062723c751e8b465ee728b)
Start importing Assets/Sprites/escenarios/nivel1/capitulo 1_13.asset using Guid(3497882b6d6a47f45bebd830917f70cd) Importer(815301076,1909f56bfc062723c751e8b465ee728b)  -> (artifact id: '70f98c73d1be039aa1faab52a9f9792e') in 0.042690 seconds 
========================================================================
Received Import Request.
  Time since last request: 0.000215 seconds.
  path: Assets/Sprites/escenarios/nivel1/capitulo 1_2.asset
  artifactKey: Guid(50523d2571e9c68499636e8b0995826e) Importer(815301076,1909f56bfc062723c751e8b465ee728b)
Start importing Assets/Sprites/escenarios/nivel1/capitulo 1_2.asset using Guid(50523d2571e9c68499636e8b0995826e) Importer(815301076,1909f56bfc062723c751e8b465ee728b)  -> (artifact id: 'd058a43088ecf93537ec31717d1d3995') in 0.022838 seconds 
========================================================================
Received Import Request.
  Time since last request: 0.000037 seconds.
  path: Assets/Sprites/escenarios/suelos/escenarios_10.asset
  artifactKey: Guid(d02e6accd78a10b45896c10b2c947e17) Importer(815301076,1909f56bfc062723c751e8b465ee728b)
Start importing Assets/Sprites/escenarios/suelos/escenarios_10.asset using Guid(d02e6accd78a10b45896c10b2c947e17) Importer(815301076,1909f56bfc062723c751e8b465ee728b)  -> (artifact id: '3c2e26df81c145d9016dbbe06e6ee41c') in 0.033966 seconds 
========================================================================
Received Import Request.
  Time since last request: 0.000032 seconds.
  path: Assets/Sprites/escenarios/nivel1/capitulo 1_17.asset
  artifactKey: Guid(e7359b1370ff4c84fa3c1e5835199212) Importer(815301076,1909f56bfc062723c751e8b465ee728b)
Start importing Assets/Sprites/escenarios/nivel1/capitulo 1_17.asset using Guid(e7359b1370ff4c84fa3c1e5835199212) Importer(815301076,1909f56bfc062723c751e8b465ee728b)  -> (artifact id: '1b4ff126c4514a97b676da52f9aebbe9') in 0.028071 seconds 
========================================================================
Received Import Request.
  Time since last request: 0.000043 seconds.
  path: Assets/Sprites/escenarios/suelos/escenarios_4.asset
  artifactKey: Guid(59deeb5d08b41ed449471651bc3e4636) Importer(815301076,1909f56bfc062723c751e8b465ee728b)
Start importing Assets/Sprites/escenarios/suelos/escenarios_4.asset using Guid(59deeb5d08b41ed449471651bc3e4636) Importer(815301076,1909f56bfc062723c751e8b465ee728b)  -> (artifact id: '165be5de5e1e9cb4c0e4384fdf70ecf0') in 0.038186 seconds 
Editor requested this worker to shutdown with reason: Scaling down because of idle timeout
AssetImportWorker is now disconnected from the server
Process exiting
Exiting without the bug reporter. Application will terminate with return code 0