Using pre-set license
Built from '2021.3/staging' branch; Version is '2021.3.8f1 (b30333d56e81) revision 11731763'; Using compiler version '192829333'; Build Type 'Release'
OS: 'Windows 10  (10.0.19044) 64bit Core' Language: 'es' Physical Memory: 32552 MB
BatchMode: 1, IsHumanControllingUs: 0, StartBugReporterOnCrash: 0, Is64bit: 1, IsPro: 1

COMMAND LINE ARGUMENTS:
C:\Program Files\Unity\Hub\Editor\2021.3.8f1\Editor\Unity.exe
-adb2
-batchMode
-noUpm
-name
AssetImportWorker2
-projectPath
C:/Users/iap23/Desktop/Hanakiri/proyecto unity/Hanakiri
-logFile
Logs/AssetImportWorker2.log
-srvPort
59124
Successfully changed project path to: C:/Users/iap23/Desktop/Hanakiri/proyecto unity/Hanakiri
C:/Users/iap23/Desktop/Hanakiri/proyecto unity/Hanakiri
[UnityMemory] Configuration Parameters - Can be set up in boot.config
    "memorysetup-bucket-allocator-granularity=16"
    "memorysetup-bucket-allocator-bucket-count=8"
    "memorysetup-bucket-allocator-block-size=33554432"
    "memorysetup-bucket-allocator-block-count=8"
    "memorysetup-main-allocator-block-size=16777216"
    "memorysetup-thread-allocator-block-size=16777216"
    "memorysetup-gfx-main-allocator-block-size=16777216"
    "memorysetup-gfx-thread-allocator-block-size=16777216"
    "memorysetup-cache-allocator-block-size=4194304"
    "memorysetup-typetree-allocator-block-size=2097152"
    "memorysetup-profiler-bucket-allocator-granularity=16"
    "memorysetup-profiler-bucket-allocator-bucket-count=8"
    "memorysetup-profiler-bucket-allocator-block-size=33554432"
    "memorysetup-profiler-bucket-allocator-block-count=8"
    "memorysetup-profiler-allocator-block-size=16777216"
    "memorysetup-profiler-editor-allocator-block-size=1048576"
    "memorysetup-temp-allocator-size-main=16777216"
    "memorysetup-job-temp-allocator-block-size=2097152"
    "memorysetup-job-temp-allocator-block-size-background=1048576"
    "memorysetup-job-temp-allocator-reduction-small-platforms=262144"
    "memorysetup-temp-allocator-size-background-worker=32768"
    "memorysetup-temp-allocator-size-job-worker=262144"
    "memorysetup-temp-allocator-size-preload-manager=33554432"
    "memorysetup-temp-allocator-size-nav-mesh-worker=65536"
    "memorysetup-temp-allocator-size-audio-worker=65536"
    "memorysetup-temp-allocator-size-cloud-worker=32768"
    "memorysetup-temp-allocator-size-gi-baking-worker=262144"
    "memorysetup-temp-allocator-size-gfx=262144"
Refreshing native plugins compatible for Editor in 160.19 ms, found 4 plugins.
Preloading 0 native plugins for Editor in 0.00 ms.
Initialize engine version: 2021.3.8f1 (b30333d56e81)
[Subsystems] Discovering subsystems at path C:/Program Files/Unity/Hub/Editor/2021.3.8f1/Editor/Data/Resources/UnitySubsystems
[Subsystems] Discovering subsystems at path C:/Users/iap23/Desktop/Hanakiri/proyecto unity/Hanakiri/Assets
GfxDevice: creating device client; threaded=0; jobified=0
Direct3D:
    Version:  Direct3D 11.0 [level 11.1]
    Renderer: NVIDIA GeForce RTX 2070 Super (ID=0x1e91)
    Vendor:   NVIDIA
    VRAM:     8003 MB
    Driver:   31.0.15.3118
Initialize mono
Mono path[0] = 'C:/Program Files/Unity/Hub/Editor/2021.3.8f1/Editor/Data/Managed'
Mono path[1] = 'C:/Program Files/Unity/Hub/Editor/2021.3.8f1/Editor/Data/MonoBleedingEdge/lib/mono/unityjit-win32'
Mono config path = 'C:/Program Files/Unity/Hub/Editor/2021.3.8f1/Editor/Data/MonoBleedingEdge/etc'
Using monoOptions --debugger-agent=transport=dt_socket,embedding=1,server=y,suspend=n,address=127.0.0.1:56728
Begin MonoManager ReloadAssembly
Registering precompiled unity dll's ...
Register platform support module: C:/Program Files/Unity/Hub/Editor/2021.3.8f1/Editor/Data/PlaybackEngines/WebGLSupport/UnityEditor.WebGL.Extensions.dll
Register platform support module: C:/Program Files/Unity/Hub/Editor/2021.3.8f1/Editor/Data/PlaybackEngines/WindowsStandaloneSupport/UnityEditor.WindowsStandalone.Extensions.dll
Registered in 0.010923 seconds.
Native extension for WindowsStandalone target not found
Native extension for WebGL target not found
Refreshing native plugins compatible for Editor in 158.27 ms, found 4 plugins.
Preloading 0 native plugins for Editor in 0.00 ms.
Mono: successfully reloaded assembly
- Completed reload, in  0.901 seconds
Domain Reload Profiling:
	ReloadAssembly (902ms)
		BeginReloadAssembly (98ms)
			ExecutionOrderSort (0ms)
			DisableScriptedObjects (0ms)
			BackupInstance (0ms)
			ReleaseScriptingObjects (0ms)
			CreateAndSetChildDomain (1ms)
		EndReloadAssembly (653ms)
			LoadAssemblies (94ms)
			RebuildTransferFunctionScriptingTraits (0ms)
			SetupTypeCache (137ms)
			ReleaseScriptCaches (0ms)
			RebuildScriptCaches (36ms)
			SetupLoadedEditorAssemblies (413ms)
				LogAssemblyErrors (0ms)
				InitializePlatformSupportModulesInManaged (12ms)
				SetLoadedEditorAssemblies (0ms)
				RefreshPlugins (158ms)
				BeforeProcessingInitializeOnLoad (1ms)
				ProcessInitializeOnLoadAttributes (184ms)
				ProcessInitializeOnLoadMethodAttributes (57ms)
				AfterProcessingInitializeOnLoad (0ms)
				EditorAssembliesLoaded (0ms)
			ExecutionOrderSort2 (0ms)
			AwakeInstancesAfterBackupRestoration (0ms)
Platform modules already initialized, skipping
Registering precompiled user dll's ...
Registered in 0.017273 seconds.
Begin MonoManager ReloadAssembly
Symbol file LoadedFromMemory doesn't match image C:\Users\iap23\Desktop\Hanakiri\proyecto unity\Hanakiri\Library\PackageCache\com.unity.visualscripting@1.7.8\Editor\VisualScripting.Core\Dependencies\DotNetZip\Unity.VisualScripting.IonicZip.dll
Symbol file LoadedFromMemory doesn't match image C:\Users\iap23\Desktop\Hanakiri\proyecto unity\Hanakiri\Library\PackageCache\com.unity.visualscripting@1.7.8\Editor\VisualScripting.Core\Dependencies\YamlDotNet\Unity.VisualScripting.YamlDotNet.dll
Native extension for WindowsStandalone target not found
Native extension for WebGL target not found
Refreshing native plugins compatible for Editor in 164.24 ms, found 4 plugins.
Preloading 0 native plugins for Editor in 0.00 ms.
Package Manager log level set to [2]
Mono: successfully reloaded assembly
- Completed reload, in  2.072 seconds
Domain Reload Profiling:
	ReloadAssembly (2073ms)
		BeginReloadAssembly (139ms)
			ExecutionOrderSort (0ms)
			DisableScriptedObjects (7ms)
			BackupInstance (0ms)
			ReleaseScriptingObjects (0ms)
			CreateAndSetChildDomain (22ms)
		EndReloadAssembly (1758ms)
			LoadAssemblies (125ms)
			RebuildTransferFunctionScriptingTraits (0ms)
			SetupTypeCache (338ms)
			ReleaseScriptCaches (1ms)
			RebuildScriptCaches (88ms)
			SetupLoadedEditorAssemblies (1132ms)
				LogAssemblyErrors (0ms)
				InitializePlatformSupportModulesInManaged (8ms)
				SetLoadedEditorAssemblies (0ms)
				RefreshPlugins (164ms)
				BeforeProcessingInitializeOnLoad (172ms)
				ProcessInitializeOnLoadAttributes (614ms)
				ProcessInitializeOnLoadMethodAttributes (161ms)
				AfterProcessingInitializeOnLoad (11ms)
				EditorAssembliesLoaded (0ms)
			ExecutionOrderSort2 (0ms)
			AwakeInstancesAfterBackupRestoration (7ms)
Platform modules already initialized, skipping
========================================================================
Worker process is ready to serve import requests
Launched and connected shader compiler UnityShaderCompiler.exe after 0.06 seconds
Refreshing native plugins compatible for Editor in 1.27 ms, found 4 plugins.
Preloading 0 native plugins for Editor in 0.00 ms.
Unloading 4940 Unused Serialized files (Serialized files now loaded: 0)
Unloading 93 unused Assets / (252.6 KB). Loaded Objects now: 5359.
Memory consumption went from 178.0 MB to 177.8 MB.
Total: 8.728800 ms (FindLiveObjects: 0.522300 ms CreateObjectMapping: 0.463700 ms MarkObjects: 7.532900 ms  DeleteObjects: 0.208000 ms)

AssetImportParameters requested are different than current active one (requested -> active):
  custom:video-decoder-ogg-theora: a1e56fd34408186e4bbccfd4996cb3dc -> 
  custom:container-muxer-webm: aa71ff27fc2769a1b78a27578f13a17b -> 
  custom:container-demuxer-webm: 4f35f7cbe854078d1ac9338744f61a02 -> 
  custom:video-encoder-webm-vp8: eb34c28f22e8b96e1ab97ce403110664 -> 
  custom:video-codec-MediaFoundation-h265: 746d11721c4dcdbdad8f713fa42b33f4 -> 
  custom:audio-encoder-webm-vorbis: bf7c407c2cedff20999df2af8eb42d56 -> 
  custom:framework-win-MediaFoundation: 216162199b28c13a410421893ffa2e32 -> 
  custom:container-demuxer-ogg: 62fdf1f143b41e24485cea50d1cbac27 -> 
  custom:video-decoder-webm-vp8: 9c59270c3fd7afecdb556c50c9e8de78 -> 
  custom:audio-decoder-ogg-vorbis: bf7c407c2cedff20999df2af8eb42d56 -> 
========================================================================
Received Import Request.
  Time since last request: 947163.609560 seconds.
  path: Assets/Sprites/escenarios/suelos
  artifactKey: Guid(41c80e841b777754d897cce3cd093916) Importer(815301076,1909f56bfc062723c751e8b465ee728b)
Start importing Assets/Sprites/escenarios/suelos using Guid(41c80e841b777754d897cce3cd093916) Importer(815301076,1909f56bfc062723c751e8b465ee728b)  -> (artifact id: 'e931106ba421f6955c73de889e185c31') in 0.018806 seconds 
========================================================================
Received Import Request.
  Time since last request: 0.027727 seconds.
  path: Assets/Sprites/escenarios/suelos/escenarios_0.asset
  artifactKey: Guid(8ae81e50c1da0bc43926f67d267fecbe) Importer(815301076,1909f56bfc062723c751e8b465ee728b)
Start importing Assets/Sprites/escenarios/suelos/escenarios_0.asset using Guid(8ae81e50c1da0bc43926f67d267fecbe) Importer(815301076,1909f56bfc062723c751e8b465ee728b)  -> (artifact id: '2d5556d6ea081ca834bc3470f1b72e72') in 0.120902 seconds 
========================================================================
Received Import Request.
  Time since last request: 0.000031 seconds.
  path: Assets/Sprites/escenarios/suelos/escenarios_4.asset
  artifactKey: Guid(59deeb5d08b41ed449471651bc3e4636) Importer(815301076,1909f56bfc062723c751e8b465ee728b)
Start importing Assets/Sprites/escenarios/suelos/escenarios_4.asset using Guid(59deeb5d08b41ed449471651bc3e4636) Importer(815301076,1909f56bfc062723c751e8b465ee728b)  -> (artifact id: 'eeaa7c5b4d51c1d4db6a47e1fc532167') in 0.029212 seconds 
========================================================================
Received Import Request.
  Time since last request: 28.974702 seconds.
  path: Assets/Sprites/escenarios/nivel1
  artifactKey: Guid(81b83ef91c7f8ec4c9740f8b1dd07858) Importer(815301076,1909f56bfc062723c751e8b465ee728b)
Start importing Assets/Sprites/escenarios/nivel1 using Guid(81b83ef91c7f8ec4c9740f8b1dd07858) Importer(815301076,1909f56bfc062723c751e8b465ee728b)  -> (artifact id: '57a70bc9d74aa7a85e6379a8acf39bf1') in 0.009955 seconds 
========================================================================
Received Import Request.
  Time since last request: 0.033426 seconds.
  path: Assets/Sprites/escenarios/nivel1/capitulo 1 nivel3_4.asset
  artifactKey: Guid(a54a4f3357328a446b753a0fa5dba3aa) Importer(815301076,1909f56bfc062723c751e8b465ee728b)
Start importing Assets/Sprites/escenarios/nivel1/capitulo 1 nivel3_4.asset using Guid(a54a4f3357328a446b753a0fa5dba3aa) Importer(815301076,1909f56bfc062723c751e8b465ee728b)  -> (artifact id: '9b6250486a3c825903d36fe84b76b1e9') in 0.013572 seconds 
========================================================================
Received Import Request.
  Time since last request: 0.000034 seconds.
  path: Assets/Sprites/escenarios/nivel1/capitulo 1 nivel3_7.asset
  artifactKey: Guid(b198f03a2316fd14fa14e987d615070d) Importer(815301076,1909f56bfc062723c751e8b465ee728b)
Start importing Assets/Sprites/escenarios/nivel1/capitulo 1 nivel3_7.asset using Guid(b198f03a2316fd14fa14e987d615070d) Importer(815301076,1909f56bfc062723c751e8b465ee728b)  -> (artifact id: '3ae92fb4130fa1991b20c917770f8b96') in 0.012218 seconds 
========================================================================
Received Import Request.
  Time since last request: 0.000025 seconds.
  path: Assets/Sprites/escenarios/nivel1/capitulo 1 nivel3_19.asset
  artifactKey: Guid(df68647cd96bd794f8ce8c345bb60a1d) Importer(815301076,1909f56bfc062723c751e8b465ee728b)
Start importing Assets/Sprites/escenarios/nivel1/capitulo 1 nivel3_19.asset using Guid(df68647cd96bd794f8ce8c345bb60a1d) Importer(815301076,1909f56bfc062723c751e8b465ee728b)  -> (artifact id: '8f5f8384e949ad465740927145c755a3') in 0.024882 seconds 
========================================================================
Received Import Request.
  Time since last request: 0.000024 seconds.
  path: Assets/Sprites/escenarios/nivel1/capitulo 1_2.asset
  artifactKey: Guid(50523d2571e9c68499636e8b0995826e) Importer(815301076,1909f56bfc062723c751e8b465ee728b)
Start importing Assets/Sprites/escenarios/nivel1/capitulo 1_2.asset using Guid(50523d2571e9c68499636e8b0995826e) Importer(815301076,1909f56bfc062723c751e8b465ee728b)  -> (artifact id: '4d6dbe666d8006c17fe09c8ebf156d76') in 0.023154 seconds 
========================================================================
Received Import Request.
  Time since last request: 0.000024 seconds.
  path: Assets/Sprites/escenarios/nivel1/capitulo 1_7.asset
  artifactKey: Guid(6bb1115dc2ad8cf41896fce0f044ea61) Importer(815301076,1909f56bfc062723c751e8b465ee728b)
Start importing Assets/Sprites/escenarios/nivel1/capitulo 1_7.asset using Guid(6bb1115dc2ad8cf41896fce0f044ea61) Importer(815301076,1909f56bfc062723c751e8b465ee728b)  -> (artifact id: 'bca4f64a3bdc5ac65b2e2ecbb4e8751d') in 0.025692 seconds 
========================================================================
Received Import Request.
  Time since last request: 0.000032 seconds.
  path: Assets/Sprites/escenarios/nivel1/capitulo 1_15.asset
  artifactKey: Guid(6a40c155e1b789c4db10e385572ccf00) Importer(815301076,1909f56bfc062723c751e8b465ee728b)
Start importing Assets/Sprites/escenarios/nivel1/capitulo 1_15.asset using Guid(6a40c155e1b789c4db10e385572ccf00) Importer(815301076,1909f56bfc062723c751e8b465ee728b)  -> (artifact id: '52ca2b89400c5f202d20a17a9c6838d3') in 0.025604 seconds 
========================================================================
Received Import Request.
  Time since last request: 0.000035 seconds.
  path: Assets/Sprites/escenarios/nivel1/capitulo 1_27.asset
  artifactKey: Guid(42bd48d0808a7214a8512438eda50417) Importer(815301076,1909f56bfc062723c751e8b465ee728b)
Start importing Assets/Sprites/escenarios/nivel1/capitulo 1_27.asset using Guid(42bd48d0808a7214a8512438eda50417) Importer(815301076,1909f56bfc062723c751e8b465ee728b)  -> (artifact id: '79484c3dcd3cd9dacc7de98d273370e2') in 0.027334 seconds 
========================================================================
Received Import Request.
  Time since last request: 0.000055 seconds.
  path: Assets/Sprites/escenarios/nivel1/capitulo 1_14.asset
  artifactKey: Guid(8a98be5e6bd43b241ab1641aef31ae6c) Importer(815301076,1909f56bfc062723c751e8b465ee728b)
Start importing Assets/Sprites/escenarios/nivel1/capitulo 1_14.asset using Guid(8a98be5e6bd43b241ab1641aef31ae6c) Importer(815301076,1909f56bfc062723c751e8b465ee728b)  -> (artifact id: 'a83fe3d1952beb1f7a0ddb50e6f800a3') in 0.026720 seconds 
========================================================================
Received Import Request.
  Time since last request: 0.000034 seconds.
  path: Assets/Sprites/escenarios/nivel1/capitulo 1_13.asset
  artifactKey: Guid(3497882b6d6a47f45bebd830917f70cd) Importer(815301076,1909f56bfc062723c751e8b465ee728b)
Start importing Assets/Sprites/escenarios/nivel1/capitulo 1_13.asset using Guid(3497882b6d6a47f45bebd830917f70cd) Importer(815301076,1909f56bfc062723c751e8b465ee728b)  -> (artifact id: '892d23a1d8bb8eb25e878454d37b26a7') in 0.029480 seconds 
========================================================================
Received Import Request.
  Time since last request: 0.000025 seconds.
  path: Assets/Sprites/escenarios/nivel1/capitulo 1_16.asset
  artifactKey: Guid(4133634a75e61794bbdc31e7298dfe83) Importer(815301076,1909f56bfc062723c751e8b465ee728b)
Start importing Assets/Sprites/escenarios/nivel1/capitulo 1_16.asset using Guid(4133634a75e61794bbdc31e7298dfe83) Importer(815301076,1909f56bfc062723c751e8b465ee728b)  -> (artifact id: '61891a2bd1253f77554796cd1c11bc5c') in 0.025993 seconds 
========================================================================
Received Import Request.
  Time since last request: 19.529956 seconds.
  path: Assets/Sprites/escenarios/capitulo 1 nivel5boss.png
  artifactKey: Guid(321df347a9daef346b0abd463e3dc872) Importer(815301076,1909f56bfc062723c751e8b465ee728b)
Start importing Assets/Sprites/escenarios/capitulo 1 nivel5boss.png using Guid(321df347a9daef346b0abd463e3dc872) Importer(815301076,1909f56bfc062723c751e8b465ee728b)  -> (artifact id: '76b949fa2c4d3c118d6db0fd01375168') in 0.049735 seconds 
========================================================================
Received Import Request.
  Time since last request: 166.592662 seconds.
  path: Assets/Sprites/escenarios/capitulo 1 nivel5boss.png
  artifactKey: Guid(321df347a9daef346b0abd463e3dc872) Importer(815301076,1909f56bfc062723c751e8b465ee728b)
Start importing Assets/Sprites/escenarios/capitulo 1 nivel5boss.png using Guid(321df347a9daef346b0abd463e3dc872) Importer(815301076,1909f56bfc062723c751e8b465ee728b)  -> (artifact id: '9aa18586a20cbbce00f260549a4ef7aa') in 0.089613 seconds 
========================================================================
Received Import Request.
  Time since last request: 90.038026 seconds.
  path: Assets/Sprites/escenarios/capitulo 1 nivel5boss.png
  artifactKey: Guid(321df347a9daef346b0abd463e3dc872) Importer(815301076,1909f56bfc062723c751e8b465ee728b)
Start importing Assets/Sprites/escenarios/capitulo 1 nivel5boss.png using Guid(321df347a9daef346b0abd463e3dc872) Importer(815301076,1909f56bfc062723c751e8b465ee728b)  -> (artifact id: 'f94cddb17c616b759c04b32f7b063a02') in 0.075536 seconds 
========================================================================
Received Import Request.
  Time since last request: 201.272640 seconds.
  path: Assets/Sprites/escenarios/capitulo 1 nivel5boss.png
  artifactKey: Guid(321df347a9daef346b0abd463e3dc872) Importer(815301076,1909f56bfc062723c751e8b465ee728b)
Start importing Assets/Sprites/escenarios/capitulo 1 nivel5boss.png using Guid(321df347a9daef346b0abd463e3dc872) Importer(815301076,1909f56bfc062723c751e8b465ee728b)  -> (artifact id: '5481e1edb027d091b16fc68621386c22') in 0.115909 seconds 
========================================================================
Received Import Request.
  Time since last request: 256.426914 seconds.
  path: Assets/dialogos
  artifactKey: Guid(f5ddd6025a9bcc94584c44e4c53ec031) Importer(815301076,1909f56bfc062723c751e8b465ee728b)
Start importing Assets/dialogos using Guid(f5ddd6025a9bcc94584c44e4c53ec031) Importer(815301076,1909f56bfc062723c751e8b465ee728b)  -> (artifact id: 'fd0443f960e66da5a146c5adc7fcc9b4') in 0.012816 seconds 
========================================================================
Received Import Request.
  Time since last request: 2.329685 seconds.
  path: Assets/dialogos/Conversacion
  artifactKey: Guid(d758975b7c7d7f34b9f6e49f6b0a29b2) Importer(815301076,1909f56bfc062723c751e8b465ee728b)
Start importing Assets/dialogos/Conversacion using Guid(d758975b7c7d7f34b9f6e49f6b0a29b2) Importer(815301076,1909f56bfc062723c751e8b465ee728b)  -> (artifact id: '74a57838d56ce511ac1257ff2bb83642') in 0.011017 seconds 
========================================================================
Received Import Request.
  Time since last request: 1.210691 seconds.
  path: Assets/dialogos/Personajes
  artifactKey: Guid(9e12ca8e7f92c744789ebdf8f44a42a4) Importer(815301076,1909f56bfc062723c751e8b465ee728b)
Start importing Assets/dialogos/Personajes using Guid(9e12ca8e7f92c744789ebdf8f44a42a4) Importer(815301076,1909f56bfc062723c751e8b465ee728b)  -> (artifact id: 'e4ca730e825e5cd771296db69c307d03') in 0.011573 seconds 
========================================================================
Received Import Request.
  Time since last request: 0.321332 seconds.
  path: Assets/dialogos/Pregunta
  artifactKey: Guid(8a2dd54e34b04254cb3ac9db1e3610cd) Importer(815301076,1909f56bfc062723c751e8b465ee728b)
Start importing Assets/dialogos/Pregunta using Guid(8a2dd54e34b04254cb3ac9db1e3610cd) Importer(815301076,1909f56bfc062723c751e8b465ee728b)  -> (artifact id: 'b66bef116006bcbbfe7604cca72538c6') in 0.010629 seconds 
========================================================================
Received Import Request.
  Time since last request: 25.089258 seconds.
  path: Assets/dialogos/Conversacion/nivel 0.asset
  artifactKey: Guid(0e29fb1d1fab07345bbed0a6a2b727b3) Importer(815301076,1909f56bfc062723c751e8b465ee728b)
Start importing Assets/dialogos/Conversacion/nivel 0.asset using Guid(0e29fb1d1fab07345bbed0a6a2b727b3) Importer(815301076,1909f56bfc062723c751e8b465ee728b)  -> (artifact id: '43b32c8c9f10ad0e150a4a53b60439a1') in 0.005494 seconds 
========================================================================
Received Import Request.
  Time since last request: 823.960549 seconds.
  path: Assets/dialogos/Pregunta/hacer tutorial.asset
  artifactKey: Guid(533758bb94e41d24a9688c3724fc234a) Importer(815301076,1909f56bfc062723c751e8b465ee728b)
Start importing Assets/dialogos/Pregunta/hacer tutorial.asset using Guid(533758bb94e41d24a9688c3724fc234a) Importer(815301076,1909f56bfc062723c751e8b465ee728b)  -> (artifact id: 'afe3691622cd695f03fb157c33da62fc') in 0.013009 seconds 
========================================================================
Received Import Request.
  Time since last request: 5090.591934 seconds.
  path: Assets/dialogos/Pregunta/hacer tutorial.asset
  artifactKey: Guid(533758bb94e41d24a9688c3724fc234a) Importer(815301076,1909f56bfc062723c751e8b465ee728b)
Start importing Assets/dialogos/Pregunta/hacer tutorial.asset using Guid(533758bb94e41d24a9688c3724fc234a) Importer(815301076,1909f56bfc062723c751e8b465ee728b)  -> (artifact id: 'e1e484e6b5b3bd2cf1fb7535a6763a22') in 0.005368 seconds 
