Using pre-set license
Built from '2021.3/staging' branch; Version is '2021.3.8f1 (b30333d56e81) revision 11731763'; Using compiler version '192829333'; Build Type 'Release'
OS: 'Windows 10  (10.0.19044) 64bit Core' Language: 'es' Physical Memory: 32552 MB
BatchMode: 1, IsHumanControllingUs: 0, StartBugReporterOnCrash: 0, Is64bit: 1, IsPro: 1

COMMAND LINE ARGUMENTS:
C:\Program Files\Unity\Hub\Editor\2021.3.8f1\Editor\Unity.exe
-adb2
-batchMode
-noUpm
-name
AssetImportWorker2
-projectPath
C:/Users/iap23/Desktop/Hanakiri/proyecto unity/Hanakiri
-logFile
Logs/AssetImportWorker2.log
-srvPort
64275
Successfully changed project path to: C:/Users/iap23/Desktop/Hanakiri/proyecto unity/Hanakiri
C:/Users/iap23/Desktop/Hanakiri/proyecto unity/Hanakiri
[UnityMemory] Configuration Parameters - Can be set up in boot.config
    "memorysetup-bucket-allocator-granularity=16"
    "memorysetup-bucket-allocator-bucket-count=8"
    "memorysetup-bucket-allocator-block-size=33554432"
    "memorysetup-bucket-allocator-block-count=8"
    "memorysetup-main-allocator-block-size=16777216"
    "memorysetup-thread-allocator-block-size=16777216"
    "memorysetup-gfx-main-allocator-block-size=16777216"
    "memorysetup-gfx-thread-allocator-block-size=16777216"
    "memorysetup-cache-allocator-block-size=4194304"
    "memorysetup-typetree-allocator-block-size=2097152"
    "memorysetup-profiler-bucket-allocator-granularity=16"
    "memorysetup-profiler-bucket-allocator-bucket-count=8"
    "memorysetup-profiler-bucket-allocator-block-size=33554432"
    "memorysetup-profiler-bucket-allocator-block-count=8"
    "memorysetup-profiler-allocator-block-size=16777216"
    "memorysetup-profiler-editor-allocator-block-size=1048576"
    "memorysetup-temp-allocator-size-main=16777216"
    "memorysetup-job-temp-allocator-block-size=2097152"
    "memorysetup-job-temp-allocator-block-size-background=1048576"
    "memorysetup-job-temp-allocator-reduction-small-platforms=262144"
    "memorysetup-temp-allocator-size-background-worker=32768"
    "memorysetup-temp-allocator-size-job-worker=262144"
    "memorysetup-temp-allocator-size-preload-manager=33554432"
    "memorysetup-temp-allocator-size-nav-mesh-worker=65536"
    "memorysetup-temp-allocator-size-audio-worker=65536"
    "memorysetup-temp-allocator-size-cloud-worker=32768"
    "memorysetup-temp-allocator-size-gi-baking-worker=262144"
    "memorysetup-temp-allocator-size-gfx=262144"
Refreshing native plugins compatible for Editor in 137.71 ms, found 4 plugins.
Preloading 0 native plugins for Editor in 0.00 ms.
Initialize engine version: 2021.3.8f1 (b30333d56e81)
[Subsystems] Discovering subsystems at path C:/Program Files/Unity/Hub/Editor/2021.3.8f1/Editor/Data/Resources/UnitySubsystems
[Subsystems] Discovering subsystems at path C:/Users/iap23/Desktop/Hanakiri/proyecto unity/Hanakiri/Assets
GfxDevice: creating device client; threaded=0; jobified=0
Direct3D:
    Version:  Direct3D 11.0 [level 11.1]
    Renderer: NVIDIA GeForce RTX 2070 Super (ID=0x1e91)
    Vendor:   NVIDIA
    VRAM:     8003 MB
    Driver:   31.0.15.3118
Initialize mono
Mono path[0] = 'C:/Program Files/Unity/Hub/Editor/2021.3.8f1/Editor/Data/Managed'
Mono path[1] = 'C:/Program Files/Unity/Hub/Editor/2021.3.8f1/Editor/Data/MonoBleedingEdge/lib/mono/unityjit-win32'
Mono config path = 'C:/Program Files/Unity/Hub/Editor/2021.3.8f1/Editor/Data/MonoBleedingEdge/etc'
Using monoOptions --debugger-agent=transport=dt_socket,embedding=1,server=y,suspend=n,address=127.0.0.1:56868
Begin MonoManager ReloadAssembly
Registering precompiled unity dll's ...
Register platform support module: C:/Program Files/Unity/Hub/Editor/2021.3.8f1/Editor/Data/PlaybackEngines/WebGLSupport/UnityEditor.WebGL.Extensions.dll
Register platform support module: C:/Program Files/Unity/Hub/Editor/2021.3.8f1/Editor/Data/PlaybackEngines/WindowsStandaloneSupport/UnityEditor.WindowsStandalone.Extensions.dll
Registered in 0.010655 seconds.
Native extension for WindowsStandalone target not found
Native extension for WebGL target not found
Refreshing native plugins compatible for Editor in 131.58 ms, found 4 plugins.
Preloading 0 native plugins for Editor in 0.00 ms.
Mono: successfully reloaded assembly
- Completed reload, in  0.764 seconds
Domain Reload Profiling:
	ReloadAssembly (764ms)
		BeginReloadAssembly (85ms)
			ExecutionOrderSort (0ms)
			DisableScriptedObjects (0ms)
			BackupInstance (0ms)
			ReleaseScriptingObjects (0ms)
			CreateAndSetChildDomain (1ms)
		EndReloadAssembly (546ms)
			LoadAssemblies (82ms)
			RebuildTransferFunctionScriptingTraits (0ms)
			SetupTypeCache (118ms)
			ReleaseScriptCaches (0ms)
			RebuildScriptCaches (30ms)
			SetupLoadedEditorAssemblies (341ms)
				LogAssemblyErrors (0ms)
				InitializePlatformSupportModulesInManaged (10ms)
				SetLoadedEditorAssemblies (0ms)
				RefreshPlugins (132ms)
				BeforeProcessingInitializeOnLoad (1ms)
				ProcessInitializeOnLoadAttributes (150ms)
				ProcessInitializeOnLoadMethodAttributes (48ms)
				AfterProcessingInitializeOnLoad (0ms)
				EditorAssembliesLoaded (0ms)
			ExecutionOrderSort2 (0ms)
			AwakeInstancesAfterBackupRestoration (0ms)
Platform modules already initialized, skipping
Registering precompiled user dll's ...
Registered in 0.010773 seconds.
Begin MonoManager ReloadAssembly
Symbol file LoadedFromMemory doesn't match image C:\Users\iap23\Desktop\Hanakiri\proyecto unity\Hanakiri\Library\PackageCache\com.unity.visualscripting@1.7.8\Editor\VisualScripting.Core\Dependencies\DotNetZip\Unity.VisualScripting.IonicZip.dll
Symbol file LoadedFromMemory doesn't match image C:\Users\iap23\Desktop\Hanakiri\proyecto unity\Hanakiri\Library\PackageCache\com.unity.visualscripting@1.7.8\Editor\VisualScripting.Core\Dependencies\YamlDotNet\Unity.VisualScripting.YamlDotNet.dll
Native extension for WindowsStandalone target not found
Native extension for WebGL target not found
Refreshing native plugins compatible for Editor in 121.62 ms, found 4 plugins.
Preloading 0 native plugins for Editor in 0.00 ms.
Package Manager log level set to [2]
Mono: successfully reloaded assembly
- Completed reload, in  1.790 seconds
Domain Reload Profiling:
	ReloadAssembly (1791ms)
		BeginReloadAssembly (121ms)
			ExecutionOrderSort (0ms)
			DisableScriptedObjects (6ms)
			BackupInstance (0ms)
			ReleaseScriptingObjects (0ms)
			CreateAndSetChildDomain (19ms)
		EndReloadAssembly (1542ms)
			LoadAssemblies (115ms)
			RebuildTransferFunctionScriptingTraits (0ms)
			SetupTypeCache (273ms)
			ReleaseScriptCaches (1ms)
			RebuildScriptCaches (84ms)
			SetupLoadedEditorAssemblies (1006ms)
				LogAssemblyErrors (0ms)
				InitializePlatformSupportModulesInManaged (7ms)
				SetLoadedEditorAssemblies (0ms)
				RefreshPlugins (122ms)
				BeforeProcessingInitializeOnLoad (172ms)
				ProcessInitializeOnLoadAttributes (563ms)
				ProcessInitializeOnLoadMethodAttributes (132ms)
				AfterProcessingInitializeOnLoad (10ms)
				EditorAssembliesLoaded (0ms)
			ExecutionOrderSort2 (0ms)
			AwakeInstancesAfterBackupRestoration (6ms)
Platform modules already initialized, skipping
========================================================================
Worker process is ready to serve import requests
Launched and connected shader compiler UnityShaderCompiler.exe after 0.05 seconds
Refreshing native plugins compatible for Editor in 1.21 ms, found 4 plugins.
Preloading 0 native plugins for Editor in 0.00 ms.
Unloading 4933 Unused Serialized files (Serialized files now loaded: 0)
Unloading 93 unused Assets / (252.8 KB). Loaded Objects now: 5352.
Memory consumption went from 177.7 MB to 177.4 MB.
Total: 7.438700 ms (FindLiveObjects: 0.387900 ms CreateObjectMapping: 0.461500 ms MarkObjects: 6.400700 ms  DeleteObjects: 0.187500 ms)

AssetImportParameters requested are different than current active one (requested -> active):
  custom:video-decoder-ogg-theora: a1e56fd34408186e4bbccfd4996cb3dc -> 
  custom:container-muxer-webm: aa71ff27fc2769a1b78a27578f13a17b -> 
  custom:container-demuxer-webm: 4f35f7cbe854078d1ac9338744f61a02 -> 
  custom:video-encoder-webm-vp8: eb34c28f22e8b96e1ab97ce403110664 -> 
  custom:video-codec-MediaFoundation-h265: 746d11721c4dcdbdad8f713fa42b33f4 -> 
  custom:audio-encoder-webm-vorbis: bf7c407c2cedff20999df2af8eb42d56 -> 
  custom:framework-win-MediaFoundation: 216162199b28c13a410421893ffa2e32 -> 
  custom:container-demuxer-ogg: 62fdf1f143b41e24485cea50d1cbac27 -> 
  custom:video-decoder-webm-vp8: 9c59270c3fd7afecdb556c50c9e8de78 -> 
  custom:audio-decoder-ogg-vorbis: bf7c407c2cedff20999df2af8eb42d56 -> 
========================================================================
Received Import Request.
  Time since last request: 343151.628513 seconds.
  path: Assets/Sprites/escenarios/nivel3/capitulo 1 nivel3_7.asset
  artifactKey: Guid(51b9bc196ad14184f927bc04dfd1767a) Importer(815301076,1909f56bfc062723c751e8b465ee728b)
Start importing Assets/Sprites/escenarios/nivel3/capitulo 1 nivel3_7.asset using Guid(51b9bc196ad14184f927bc04dfd1767a) Importer(815301076,1909f56bfc062723c751e8b465ee728b)  -> (artifact id: '8b90145a537bee355705a2ce0f5ea16e') in 0.120251 seconds 
========================================================================
Received Import Request.
  Time since last request: 0.000023 seconds.
  path: Assets/Sprites/escenarios/nivel3/capitulo 1 nivel3_11.asset
  artifactKey: Guid(d8ac03a74e205b34fb3d0ca0140186db) Importer(815301076,1909f56bfc062723c751e8b465ee728b)
Start importing Assets/Sprites/escenarios/nivel3/capitulo 1 nivel3_11.asset using Guid(d8ac03a74e205b34fb3d0ca0140186db) Importer(815301076,1909f56bfc062723c751e8b465ee728b)  -> (artifact id: '1c786fa0df3bf131f177bcd5430a95cc') in 0.029587 seconds 
========================================================================
Received Import Request.
  Time since last request: 1.647983 seconds.
  path: Assets/Sprites/escenarios/nivel3/capitulo 1 nivel3_6.asset
  artifactKey: Guid(3bcd82e17718057488907361f96d5a6a) Importer(815301076,1909f56bfc062723c751e8b465ee728b)
Start importing Assets/Sprites/escenarios/nivel3/capitulo 1 nivel3_6.asset using Guid(3bcd82e17718057488907361f96d5a6a) Importer(815301076,1909f56bfc062723c751e8b465ee728b)  -> (artifact id: 'c8647742a6d720cf00562a120fc67362') in 0.014760 seconds 
========================================================================
Received Import Request.
  Time since last request: 0.029632 seconds.
  path: Assets/Sprites/escenarios/nivel3/capitulo 1 nivel3_5.asset
  artifactKey: Guid(3b1df33c7fc22be409b275302e3250fc) Importer(815301076,1909f56bfc062723c751e8b465ee728b)
Start importing Assets/Sprites/escenarios/nivel3/capitulo 1 nivel3_5.asset using Guid(3b1df33c7fc22be409b275302e3250fc) Importer(815301076,1909f56bfc062723c751e8b465ee728b)  -> (artifact id: '0edbaf2ed2449265f8352c9166772cc6') in 0.014330 seconds 
========================================================================
Received Import Request.
  Time since last request: 0.197733 seconds.
  path: Assets/Sprites/escenarios/nivel3/capitulo 1 nivel3_4.asset
  artifactKey: Guid(15e09495fddc413458cc801238e647af) Importer(815301076,1909f56bfc062723c751e8b465ee728b)
Start importing Assets/Sprites/escenarios/nivel3/capitulo 1 nivel3_4.asset using Guid(15e09495fddc413458cc801238e647af) Importer(815301076,1909f56bfc062723c751e8b465ee728b)  -> (artifact id: '004dc1456d5de9e31bdb9e93499622d3') in 0.016910 seconds 
========================================================================
Received Import Request.
  Time since last request: 0.034070 seconds.
  path: Assets/Sprites/escenarios/nivel3/capitulo 1 nivel3_2.asset
  artifactKey: Guid(e76366556af70ac4a9d7c68a7c3f2468) Importer(815301076,1909f56bfc062723c751e8b465ee728b)
Start importing Assets/Sprites/escenarios/nivel3/capitulo 1 nivel3_2.asset using Guid(e76366556af70ac4a9d7c68a7c3f2468) Importer(815301076,1909f56bfc062723c751e8b465ee728b)  -> (artifact id: '855757089ec8ecae970417815f1fa2fc') in 0.015238 seconds 
========================================================================
Received Import Request.
  Time since last request: 0.178733 seconds.
  path: Assets/Sprites/escenarios/nivel3/capitulo 1 nivel3_1.asset
  artifactKey: Guid(d62fa1b1691541e42ba0673cc0dbb255) Importer(815301076,1909f56bfc062723c751e8b465ee728b)
Start importing Assets/Sprites/escenarios/nivel3/capitulo 1 nivel3_1.asset using Guid(d62fa1b1691541e42ba0673cc0dbb255) Importer(815301076,1909f56bfc062723c751e8b465ee728b)  -> (artifact id: '4382453faba0c6272a5c5e903c2e1e9e') in 0.015241 seconds 
========================================================================
Received Import Request.
  Time since last request: 3.105391 seconds.
  path: Assets/Sprites/escenarios/nivel1/capitulo 1- parte 1.prefab
  artifactKey: Guid(fc5890f7180e9574c89a7239ca893c5b) Importer(815301076,1909f56bfc062723c751e8b465ee728b)
Start importing Assets/Sprites/escenarios/nivel1/capitulo 1- parte 1.prefab using Guid(fc5890f7180e9574c89a7239ca893c5b) Importer(815301076,1909f56bfc062723c751e8b465ee728b)  -> (artifact id: '750bf20af2487908bf71feb2b1af9854') in 0.258041 seconds 
========================================================================
Received Import Request.
  Time since last request: 0.837653 seconds.
  path: Assets/Sprites/escenarios/nivel1/capitulo 1_10.asset
  artifactKey: Guid(da3f9c983eb8a304faf3efbf5a5fe051) Importer(815301076,1909f56bfc062723c751e8b465ee728b)
Start importing Assets/Sprites/escenarios/nivel1/capitulo 1_10.asset using Guid(da3f9c983eb8a304faf3efbf5a5fe051) Importer(815301076,1909f56bfc062723c751e8b465ee728b)  -> (artifact id: '63376f044282e24253f635b88d490b4b') in 0.014085 seconds 
========================================================================
Received Import Request.
  Time since last request: 0.026540 seconds.
  path: Assets/Sprites/escenarios/nivel1/capitulo 1_11.asset
  artifactKey: Guid(1f8c1a413bf05a14b916c05a31dca69b) Importer(815301076,1909f56bfc062723c751e8b465ee728b)
Start importing Assets/Sprites/escenarios/nivel1/capitulo 1_11.asset using Guid(1f8c1a413bf05a14b916c05a31dca69b) Importer(815301076,1909f56bfc062723c751e8b465ee728b)  -> (artifact id: '9e0d10d07599c29c75de95430e6fe5ee') in 0.015459 seconds 
========================================================================
Received Import Request.
  Time since last request: 0.225797 seconds.
  path: Assets/Sprites/escenarios/nivel1/capitulo 1_13.asset
  artifactKey: Guid(3497882b6d6a47f45bebd830917f70cd) Importer(815301076,1909f56bfc062723c751e8b465ee728b)
Start importing Assets/Sprites/escenarios/nivel1/capitulo 1_13.asset using Guid(3497882b6d6a47f45bebd830917f70cd) Importer(815301076,1909f56bfc062723c751e8b465ee728b)  -> (artifact id: '892d23a1d8bb8eb25e878454d37b26a7') in 0.020418 seconds 
========================================================================
Received Import Request.
  Time since last request: 0.002386 seconds.
  path: Assets/Sprites/escenarios/nivel1/capitulo 1_15.asset
  artifactKey: Guid(6a40c155e1b789c4db10e385572ccf00) Importer(815301076,1909f56bfc062723c751e8b465ee728b)
Start importing Assets/Sprites/escenarios/nivel1/capitulo 1_15.asset using Guid(6a40c155e1b789c4db10e385572ccf00) Importer(815301076,1909f56bfc062723c751e8b465ee728b)  -> (artifact id: '52ca2b89400c5f202d20a17a9c6838d3') in 0.021998 seconds 
========================================================================
Received Import Request.
  Time since last request: 0.233305 seconds.
  path: Assets/Sprites/escenarios/nivel1/capitulo 1_17.asset
  artifactKey: Guid(e7359b1370ff4c84fa3c1e5835199212) Importer(815301076,1909f56bfc062723c751e8b465ee728b)
Start importing Assets/Sprites/escenarios/nivel1/capitulo 1_17.asset using Guid(e7359b1370ff4c84fa3c1e5835199212) Importer(815301076,1909f56bfc062723c751e8b465ee728b)  -> (artifact id: 'd01f2e242fa1b95e352a9fc0fa081ee0') in 0.014966 seconds 
========================================================================
Received Import Request.
  Time since last request: 0.000018 seconds.
  path: Assets/Sprites/escenarios/nivel1/capitulo 1_19.asset
  artifactKey: Guid(eebe2c2a9ef256844b08634f0117d71d) Importer(815301076,1909f56bfc062723c751e8b465ee728b)
Start importing Assets/Sprites/escenarios/nivel1/capitulo 1_19.asset using Guid(eebe2c2a9ef256844b08634f0117d71d) Importer(815301076,1909f56bfc062723c751e8b465ee728b)  -> (artifact id: '27292502da21d68b7ae4e371e8e7cafa') in 0.015640 seconds 
========================================================================
Received Import Request.
  Time since last request: 0.000028 seconds.
  path: Assets/Sprites/escenarios/nivel1/capitulo 1_20.asset
  artifactKey: Guid(c16df0e2fba3c1d488a4944e432afe0b) Importer(815301076,1909f56bfc062723c751e8b465ee728b)
Start importing Assets/Sprites/escenarios/nivel1/capitulo 1_20.asset using Guid(c16df0e2fba3c1d488a4944e432afe0b) Importer(815301076,1909f56bfc062723c751e8b465ee728b)  -> (artifact id: '6601e80c492db89beee519fa675e97f0') in 0.017195 seconds 
========================================================================
Received Import Request.
  Time since last request: 0.226586 seconds.
  path: Assets/Sprites/escenarios/nivel1/capitulo 1_21.asset
  artifactKey: Guid(d8660928c98d5534283b0f6dbcef56b8) Importer(815301076,1909f56bfc062723c751e8b465ee728b)
Start importing Assets/Sprites/escenarios/nivel1/capitulo 1_21.asset using Guid(d8660928c98d5534283b0f6dbcef56b8) Importer(815301076,1909f56bfc062723c751e8b465ee728b)  -> (artifact id: 'a1b6af3407ca7e42671cb1405028e5c4') in 0.014156 seconds 
========================================================================
Received Import Request.
  Time since last request: 0.016881 seconds.
  path: Assets/Sprites/escenarios/nivel1/capitulo 1_23.asset
  artifactKey: Guid(4502fc12238a4484180162939e4cab14) Importer(815301076,1909f56bfc062723c751e8b465ee728b)
Start importing Assets/Sprites/escenarios/nivel1/capitulo 1_23.asset using Guid(4502fc12238a4484180162939e4cab14) Importer(815301076,1909f56bfc062723c751e8b465ee728b)  -> (artifact id: 'b5555d6e7e482059b6473804a9826b03') in 0.016032 seconds 
========================================================================
Received Import Request.
  Time since last request: 0.212153 seconds.
  path: Assets/Sprites/escenarios/nivel1/capitulo 1_25.asset
  artifactKey: Guid(297f7bde6005317439810c2d746596be) Importer(815301076,1909f56bfc062723c751e8b465ee728b)
Start importing Assets/Sprites/escenarios/nivel1/capitulo 1_25.asset using Guid(297f7bde6005317439810c2d746596be) Importer(815301076,1909f56bfc062723c751e8b465ee728b)  -> (artifact id: '8c0774034786fe4bcfc9e179159a621e') in 0.014106 seconds 
========================================================================
Received Import Request.
  Time since last request: 0.000507 seconds.
  path: Assets/Sprites/escenarios/nivel1/capitulo 1_26.asset
  artifactKey: Guid(a2aaa0758f8994a438fc46f05971d6d9) Importer(815301076,1909f56bfc062723c751e8b465ee728b)
Start importing Assets/Sprites/escenarios/nivel1/capitulo 1_26.asset using Guid(a2aaa0758f8994a438fc46f05971d6d9) Importer(815301076,1909f56bfc062723c751e8b465ee728b)  -> (artifact id: '44d655b5703b249af54bcfc0cc2b4c49') in 0.018466 seconds 
========================================================================
Received Import Request.
  Time since last request: 2.133435 seconds.
  path: Assets/Sprites/menu inicial/hana.png
  artifactKey: Guid(16c2c47e750dee64a9d168a78849ee44) Importer(815301076,1909f56bfc062723c751e8b465ee728b)
Start importing Assets/Sprites/menu inicial/hana.png using Guid(16c2c47e750dee64a9d168a78849ee44) Importer(815301076,1909f56bfc062723c751e8b465ee728b)  -> (artifact id: 'fbab54a63ee11d91a5801909faf71397') in 0.341191 seconds 
========================================================================
Received Import Request.
  Time since last request: 1.255608 seconds.
  path: Assets/Sprites/objetos/ objetos.png
  artifactKey: Guid(08a4b676445c8f64f9c8348424a1a9ec) Importer(815301076,1909f56bfc062723c751e8b465ee728b)
Start importing Assets/Sprites/objetos/ objetos.png using Guid(08a4b676445c8f64f9c8348424a1a9ec) Importer(815301076,1909f56bfc062723c751e8b465ee728b)  -> (artifact id: '1f0009a6ebfa542f3bc742ff724567f6') in 0.076048 seconds 
========================================================================
Received Import Request.
  Time since last request: 10.643642 seconds.
  path: Assets/Sprites/escenarios/nivel1/capitulo 1 nivel3.png
  artifactKey: Guid(79c130ac94d0e71459a191b38ce29533) Importer(815301076,1909f56bfc062723c751e8b465ee728b)
Start importing Assets/Sprites/escenarios/nivel1/capitulo 1 nivel3.png using Guid(79c130ac94d0e71459a191b38ce29533) Importer(815301076,1909f56bfc062723c751e8b465ee728b)  -> (artifact id: '0a0dd89e9e324a7e7e9f21175ef7e9d9') in 0.099816 seconds 
