Using pre-set license
Built from '2021.3/staging' branch; Version is '2021.3.8f1 (b30333d56e81) revision 11731763'; Using compiler version '192829333'; Build Type 'Release'
OS: 'Windows 10  (10.0.19044) 64bit Core' Language: 'es' Physical Memory: 16232 MB
BatchMode: 1, IsHumanControllingUs: 0, StartBugReporterOnCrash: 0, Is64bit: 1, IsPro: 1

COMMAND LINE ARGUMENTS:
D:\UnityEditors\2021.3.8f1\Editor\Unity.exe
-adb2
-batchMode
-noUpm
-name
AssetImportWorker4
-projectPath
D:/GitHub Repositories/Hanakiri/proyecto unity/Hanakiri
-logFile
Logs/AssetImportWorker4.log
-srvPort
52907
Successfully changed project path to: D:/GitHub Repositories/Hanakiri/proyecto unity/Hanakiri
D:/GitHub Repositories/Hanakiri/proyecto unity/Hanakiri
[UnityMemory] Configuration Parameters - Can be set up in boot.config
    "memorysetup-bucket-allocator-granularity=16"
    "memorysetup-bucket-allocator-bucket-count=8"
    "memorysetup-bucket-allocator-block-size=33554432"
    "memorysetup-bucket-allocator-block-count=8"
    "memorysetup-main-allocator-block-size=16777216"
    "memorysetup-thread-allocator-block-size=16777216"
    "memorysetup-gfx-main-allocator-block-size=16777216"
    "memorysetup-gfx-thread-allocator-block-size=16777216"
    "memorysetup-cache-allocator-block-size=4194304"
    "memorysetup-typetree-allocator-block-size=2097152"
    "memorysetup-profiler-bucket-allocator-granularity=16"
    "memorysetup-profiler-bucket-allocator-bucket-count=8"
    "memorysetup-profiler-bucket-allocator-block-size=33554432"
    "memorysetup-profiler-bucket-allocator-block-count=8"
    "memorysetup-profiler-allocator-block-size=16777216"
    "memorysetup-profiler-editor-allocator-block-size=1048576"
    "memorysetup-temp-allocator-size-main=16777216"
    "memorysetup-job-temp-allocator-block-size=2097152"
    "memorysetup-job-temp-allocator-block-size-background=1048576"
    "memorysetup-job-temp-allocator-reduction-small-platforms=262144"
    "memorysetup-temp-allocator-size-background-worker=32768"
    "memorysetup-temp-allocator-size-job-worker=262144"
    "memorysetup-temp-allocator-size-preload-manager=33554432"
    "memorysetup-temp-allocator-size-nav-mesh-worker=65536"
    "memorysetup-temp-allocator-size-audio-worker=65536"
    "memorysetup-temp-allocator-size-cloud-worker=32768"
    "memorysetup-temp-allocator-size-gi-baking-worker=262144"
    "memorysetup-temp-allocator-size-gfx=262144"
Refreshing native plugins compatible for Editor in 269.62 ms, found 4 plugins.
Preloading 0 native plugins for Editor in 0.00 ms.
Initialize engine version: 2021.3.8f1 (b30333d56e81)
[Subsystems] Discovering subsystems at path D:/UnityEditors/2021.3.8f1/Editor/Data/Resources/UnitySubsystems
[Subsystems] Discovering subsystems at path D:/GitHub Repositories/Hanakiri/proyecto unity/Hanakiri/Assets
GfxDevice: creating device client; threaded=0; jobified=0
Direct3D:
    Version:  Direct3D 11.0 [level 11.1]
    Renderer: NVIDIA GeForce GTX 1050 Ti (ID=0x1c8c)
    Vendor:   NVIDIA
    VRAM:     4017 MB
    Driver:   31.0.15.2824
Initialize mono
Mono path[0] = 'D:/UnityEditors/2021.3.8f1/Editor/Data/Managed'
Mono path[1] = 'D:/UnityEditors/2021.3.8f1/Editor/Data/MonoBleedingEdge/lib/mono/unityjit-win32'
Mono config path = 'D:/UnityEditors/2021.3.8f1/Editor/Data/MonoBleedingEdge/etc'
Using monoOptions --debugger-agent=transport=dt_socket,embedding=1,server=y,suspend=n,address=127.0.0.1:56840
Begin MonoManager ReloadAssembly
Registering precompiled unity dll's ...
Register platform support module: D:/UnityEditors/2021.3.8f1/Editor/Data/PlaybackEngines/WindowsStandaloneSupport/UnityEditor.WindowsStandalone.Extensions.dll
Registered in 0.003995 seconds.
Native extension for WindowsStandalone target not found
Refreshing native plugins compatible for Editor in 165.26 ms, found 4 plugins.
Preloading 0 native plugins for Editor in 0.00 ms.
Mono: successfully reloaded assembly
- Completed reload, in  1.063 seconds
Domain Reload Profiling:
	ReloadAssembly (1064ms)
		BeginReloadAssembly (155ms)
			ExecutionOrderSort (0ms)
			DisableScriptedObjects (0ms)
			BackupInstance (0ms)
			ReleaseScriptingObjects (0ms)
			CreateAndSetChildDomain (2ms)
		EndReloadAssembly (752ms)
			LoadAssemblies (154ms)
			RebuildTransferFunctionScriptingTraits (0ms)
			SetupTypeCache (161ms)
			ReleaseScriptCaches (0ms)
			RebuildScriptCaches (45ms)
			SetupLoadedEditorAssemblies (473ms)
				LogAssemblyErrors (0ms)
				InitializePlatformSupportModulesInManaged (10ms)
				SetLoadedEditorAssemblies (0ms)
				RefreshPlugins (165ms)
				BeforeProcessingInitializeOnLoad (3ms)
				ProcessInitializeOnLoadAttributes (216ms)
				ProcessInitializeOnLoadMethodAttributes (78ms)
				AfterProcessingInitializeOnLoad (0ms)
				EditorAssembliesLoaded (0ms)
			ExecutionOrderSort2 (0ms)
			AwakeInstancesAfterBackupRestoration (0ms)
Platform modules already initialized, skipping
Registering precompiled user dll's ...
Registered in 0.013260 seconds.
Begin MonoManager ReloadAssembly
Symbol file LoadedFromMemory doesn't match image D:\GitHub Repositories\Hanakiri\proyecto unity\Hanakiri\Library\PackageCache\com.unity.visualscripting@1.7.8\Editor\VisualScripting.Core\Dependencies\DotNetZip\Unity.VisualScripting.IonicZip.dll
Symbol file LoadedFromMemory doesn't match image D:\GitHub Repositories\Hanakiri\proyecto unity\Hanakiri\Library\PackageCache\com.unity.visualscripting@1.7.8\Editor\VisualScripting.Core\Dependencies\YamlDotNet\Unity.VisualScripting.YamlDotNet.dll
Native extension for WindowsStandalone target not found
Refreshing native plugins compatible for Editor in 168.36 ms, found 4 plugins.
Preloading 0 native plugins for Editor in 0.00 ms.
Package Manager log level set to [2]
Mono: successfully reloaded assembly
- Completed reload, in  2.246 seconds
Domain Reload Profiling:
	ReloadAssembly (2247ms)
		BeginReloadAssembly (193ms)
			ExecutionOrderSort (0ms)
			DisableScriptedObjects (10ms)
			BackupInstance (0ms)
			ReleaseScriptingObjects (0ms)
			CreateAndSetChildDomain (28ms)
		EndReloadAssembly (1880ms)
			LoadAssemblies (194ms)
			RebuildTransferFunctionScriptingTraits (0ms)
			SetupTypeCache (490ms)
			ReleaseScriptCaches (1ms)
			RebuildScriptCaches (114ms)
			SetupLoadedEditorAssemblies (1033ms)
				LogAssemblyErrors (0ms)
				InitializePlatformSupportModulesInManaged (6ms)
				SetLoadedEditorAssemblies (0ms)
				RefreshPlugins (168ms)
				BeforeProcessingInitializeOnLoad (154ms)
				ProcessInitializeOnLoadAttributes (461ms)
				ProcessInitializeOnLoadMethodAttributes (240ms)
				AfterProcessingInitializeOnLoad (4ms)
				EditorAssembliesLoaded (0ms)
			ExecutionOrderSort2 (0ms)
			AwakeInstancesAfterBackupRestoration (9ms)
Platform modules already initialized, skipping
========================================================================
Worker process is ready to serve import requests
Launched and connected shader compiler UnityShaderCompiler.exe after 0.10 seconds
Refreshing native plugins compatible for Editor in 1.88 ms, found 4 plugins.
Preloading 0 native plugins for Editor in 0.00 ms.
Unloading 4914 Unused Serialized files (Serialized files now loaded: 0)
Unloading 93 unused Assets / (252.5 KB). Loaded Objects now: 5333.
Memory consumption went from 177.2 MB to 177.0 MB.
Total: 10.978200 ms (FindLiveObjects: 0.567900 ms CreateObjectMapping: 0.825100 ms MarkObjects: 9.305800 ms  DeleteObjects: 0.278200 ms)

AssetImportParameters requested are different than current active one (requested -> active):
  custom:video-decoder-ogg-theora: a1e56fd34408186e4bbccfd4996cb3dc -> 
  custom:container-muxer-webm: aa71ff27fc2769a1b78a27578f13a17b -> 
  custom:container-demuxer-webm: 4f35f7cbe854078d1ac9338744f61a02 -> 
  custom:video-encoder-webm-vp8: eb34c28f22e8b96e1ab97ce403110664 -> 
  custom:audio-encoder-webm-vorbis: bf7c407c2cedff20999df2af8eb42d56 -> 
  custom:framework-win-MediaFoundation: 216162199b28c13a410421893ffa2e32 -> 
  custom:container-demuxer-ogg: 62fdf1f143b41e24485cea50d1cbac27 -> 
  custom:video-decoder-webm-vp8: 9c59270c3fd7afecdb556c50c9e8de78 -> 
  custom:audio-decoder-ogg-vorbis: bf7c407c2cedff20999df2af8eb42d56 -> 
========================================================================
Received Import Request.
  Time since last request: 368829.664278 seconds.
  path: Assets/Fonts/Autography SDF.asset
  artifactKey: Guid(381c0f520b817fd4c8ec8b097747a5bc) Importer(815301076,1909f56bfc062723c751e8b465ee728b)
Start importing Assets/Fonts/Autography SDF.asset using Guid(381c0f520b817fd4c8ec8b097747a5bc) Importer(815301076,1909f56bfc062723c751e8b465ee728b)  -> (artifact id: '9f247086feac8ee82edbb8d16a3be77e') in 0.369136 seconds 
========================================================================
Received Import Request.
  Time since last request: 0.000047 seconds.
  path: Assets/Fonts/Purple Smile SDF.asset
  artifactKey: Guid(b7162506f49e6a14696794ed523bd523) Importer(815301076,1909f56bfc062723c751e8b465ee728b)
Start importing Assets/Fonts/Purple Smile SDF.asset using Guid(b7162506f49e6a14696794ed523bd523) Importer(815301076,1909f56bfc062723c751e8b465ee728b)  -> (artifact id: 'f61e1d2b032d716d27aad6df00797207') in 0.151411 seconds 
========================================================================
Received Import Request.
  Time since last request: 0.000043 seconds.
  path: Assets/Fonts/Lemon Juice.otf
  artifactKey: Guid(577f4e6f96bd89b4e87bbb555f33c373) Importer(815301076,1909f56bfc062723c751e8b465ee728b)
Start importing Assets/Fonts/Lemon Juice.otf using Guid(577f4e6f96bd89b4e87bbb555f33c373) Importer(815301076,1909f56bfc062723c751e8b465ee728b)  -> (artifact id: 'b70b2fecc2992a4a32cedf4c403fd9f1') in 0.046695 seconds 
========================================================================
Received Import Request.
  Time since last request: 0.000032 seconds.
  path: Assets/Fonts/Purple Smile.ttf
  artifactKey: Guid(0638cd52691c9a94f845e03b86c9fb1a) Importer(815301076,1909f56bfc062723c751e8b465ee728b)
Start importing Assets/Fonts/Purple Smile.ttf using Guid(0638cd52691c9a94f845e03b86c9fb1a) Importer(815301076,1909f56bfc062723c751e8b465ee728b)  -> (artifact id: 'c0bb9443db1bbbc196896218ae440a2a') in 0.044050 seconds 
========================================================================
Received Import Request.
  Time since last request: 0.000031 seconds.
  path: Assets/Fonts/PinkChicken-Regular.ttf
  artifactKey: Guid(095116b6c5448714da05954723ceb960) Importer(815301076,1909f56bfc062723c751e8b465ee728b)
Start importing Assets/Fonts/PinkChicken-Regular.ttf using Guid(095116b6c5448714da05954723ceb960) Importer(815301076,1909f56bfc062723c751e8b465ee728b)  -> (artifact id: '3e3fe9c7ef7c20ca97678844c760af5c') in 0.032985 seconds 
========================================================================
Received Import Request.
  Time since last request: 0.000028 seconds.
  path: Assets/Fonts/Hey Comic.ttf
  artifactKey: Guid(431c2d84250c3c94bb32d859b7be8016) Importer(815301076,1909f56bfc062723c751e8b465ee728b)
Start importing Assets/Fonts/Hey Comic.ttf using Guid(431c2d84250c3c94bb32d859b7be8016) Importer(815301076,1909f56bfc062723c751e8b465ee728b)  -> (artifact id: 'db03def6522056ff20225c313234f077') in 0.066636 seconds 
========================================================================
Received Import Request.
  Time since last request: 3.171039 seconds.
  path: Assets/Sprites/objetos/ objetos.png
  artifactKey: Guid(08a4b676445c8f64f9c8348424a1a9ec) Importer(815301076,1909f56bfc062723c751e8b465ee728b)
Start importing Assets/Sprites/objetos/ objetos.png using Guid(08a4b676445c8f64f9c8348424a1a9ec) Importer(815301076,1909f56bfc062723c751e8b465ee728b)  -> (artifact id: 'b0bfd1e432efecf0330790a99350c755') in 0.137844 seconds 
========================================================================
Received Import Request.
  Time since last request: 5.546682 seconds.
  path: Assets/Sprites/dialogos/imagenes de dialogo.png
  artifactKey: Guid(543763a39c1d2ef4b978c10af7f23900) Importer(815301076,1909f56bfc062723c751e8b465ee728b)
Start importing Assets/Sprites/dialogos/imagenes de dialogo.png using Guid(543763a39c1d2ef4b978c10af7f23900) Importer(815301076,1909f56bfc062723c751e8b465ee728b)  -> (artifact id: 'c82bed2efe1b10846f946ea31c1f3b4e') in 0.095475 seconds 
========================================================================
Received Import Request.
  Time since last request: 2.291720 seconds.
  path: Assets/Sprites/escenarios/cuadro de texto.png
  artifactKey: Guid(044bd44229b743441bf2ef6b9b9a2e55) Importer(815301076,1909f56bfc062723c751e8b465ee728b)
Start importing Assets/Sprites/escenarios/cuadro de texto.png using Guid(044bd44229b743441bf2ef6b9b9a2e55) Importer(815301076,1909f56bfc062723c751e8b465ee728b)  -> (artifact id: 'e530b7d53a4443f5a71e24d99adb243b') in 0.079214 seconds 
========================================================================
Received Import Request.
  Time since last request: 2.077785 seconds.
  path: Assets/Sprites/escenarios/suelos/escenarios.png
  artifactKey: Guid(bcb44d2b31100c14bb5009e6beb0ea3b) Importer(815301076,1909f56bfc062723c751e8b465ee728b)
Start importing Assets/Sprites/escenarios/suelos/escenarios.png using Guid(bcb44d2b31100c14bb5009e6beb0ea3b) Importer(815301076,1909f56bfc062723c751e8b465ee728b)  -> (artifact id: '0ad8e194db3eddbbad594c6e99ccbdce') in 0.161982 seconds 
========================================================================
Received Import Request.
  Time since last request: 0.000036 seconds.
  path: Assets/Sprites/escenarios/suelos/escenarios_4.asset
  artifactKey: Guid(59deeb5d08b41ed449471651bc3e4636) Importer(815301076,1909f56bfc062723c751e8b465ee728b)
Start importing Assets/Sprites/escenarios/suelos/escenarios_4.asset using Guid(59deeb5d08b41ed449471651bc3e4636) Importer(815301076,1909f56bfc062723c751e8b465ee728b)  -> (artifact id: '165be5de5e1e9cb4c0e4384fdf70ecf0') in 0.021677 seconds 
